<?xml version="1.0" encoding="UTF-8"?>
<!-- Generated by org.testng.reporters.JUnitReportReporter -->
<testsuite hostname="DESKTOP-5Q6M2D1" failures="0" tests="1" name="stepdef.Runner_Class" time="3.015" errors="0" timestamp="2023-07-07T12:35:10 IST" skipped="0">
  <testcase classname="stepdef.Runner_Class" name="runScenario" time="3.015"/>
  <system-out/>
</testsuite> <!-- stepdef.Runner_Class -->
